<?xml version="1.0" encoding="UTF-8"?>
<testsuite xmlns:xsi="http://www.w3.org/2001/XMLSchema-instance" xsi:noNamespaceSchemaLocation="https://maven.apache.org/surefire/maven-surefire-plugin/xsd/surefire-test-report.xsd" name="sanghavis.AppTest" time="0.172" tests="17" errors="0" skipped="0" failures="0">
  <properties>
    <property name="gopherProxySet" value="false"/>
    <property name="awt.toolkit" value="sun.lwawt.macosx.LWCToolkit"/>
    <property name="java.specification.version" value="11"/>
    <property name="sun.cpu.isalist" value=""/>
    <property name="sun.jnu.encoding" value="UTF-8"/>
    <property name="java.class.path" value="/Users/shashwatsanghavi/Documents/MSD/git1/Student-246-SP19/homework_5/iteratorpattern/target/test-classes:/Users/shashwatsanghavi/Documents/MSD/git1/Student-246-SP19/homework_5/iteratorpattern/target/classes:/Users/shashwatsanghavi/.m2/repository/junit/junit/4.11/junit-4.11.jar:/Users/shashwatsanghavi/.m2/repository/org/hamcrest/hamcrest-core/1.3/hamcrest-core-1.3.jar:"/>
    <property name="java.vm.vendor" value="Oracle Corporation"/>
    <property name="sun.arch.data.model" value="64"/>
    <property name="java.vendor.url" value="http://java.oracle.com/"/>
    <property name="user.timezone" value=""/>
    <property name="java.vm.specification.version" value="11"/>
    <property name="os.name" value="Mac OS X"/>
    <property name="sun.java.launcher" value="SUN_STANDARD"/>
    <property name="user.country" value="US"/>
    <property name="sun.boot.library.path" value="/Library/Java/JavaVirtualMachines/jdk-11.0.1.jdk/Contents/Home/lib"/>
    <property name="sun.java.command" value="/Users/shashwatsanghavi/Documents/MSD/git1/Student-246-SP19/homework_5/iteratorpattern/target/surefire/surefirebooter3201257659409993869.jar /Users/shashwatsanghavi/Documents/MSD/git1/Student-246-SP19/homework_5/iteratorpattern/target/surefire 2019-02-10T20-11-34_053-jvmRun1 surefire3498900031881769493tmp surefire_013017291341886308755tmp"/>
    <property name="http.nonProxyHosts" value="local|*.local|169.254/16|*.169.254/16"/>
    <property name="jdk.debug" value="release"/>
    <property name="surefire.test.class.path" value="/Users/shashwatsanghavi/Documents/MSD/git1/Student-246-SP19/homework_5/iteratorpattern/target/test-classes:/Users/shashwatsanghavi/Documents/MSD/git1/Student-246-SP19/homework_5/iteratorpattern/target/classes:/Users/shashwatsanghavi/.m2/repository/junit/junit/4.11/junit-4.11.jar:/Users/shashwatsanghavi/.m2/repository/org/hamcrest/hamcrest-core/1.3/hamcrest-core-1.3.jar:"/>
    <property name="sun.cpu.endian" value="little"/>
    <property name="user.home" value="/Users/shashwatsanghavi"/>
    <property name="user.language" value="en"/>
    <property name="java.specification.vendor" value="Oracle Corporation"/>
    <property name="java.version.date" value="2018-10-16"/>
    <property name="java.home" value="/Library/Java/JavaVirtualMachines/jdk-11.0.1.jdk/Contents/Home"/>
    <property name="file.separator" value="/"/>
    <property name="basedir" value="/Users/shashwatsanghavi/Documents/MSD/git1/Student-246-SP19/homework_5/iteratorpattern"/>
    <property name="java.vm.compressedOopsMode" value="Zero based"/>
    <property name="line.separator" value="&#10;"/>
    <property name="java.specification.name" value="Java Platform API Specification"/>
    <property name="java.vm.specification.vendor" value="Oracle Corporation"/>
    <property name="java.awt.graphicsenv" value="sun.awt.CGraphicsEnvironment"/>
    <property name="surefire.real.class.path" value="/Users/shashwatsanghavi/Documents/MSD/git1/Student-246-SP19/homework_5/iteratorpattern/target/surefire/surefirebooter3201257659409993869.jar"/>
    <property name="sun.management.compiler" value="HotSpot 64-Bit Tiered Compilers"/>
    <property name="ftp.nonProxyHosts" value="local|*.local|169.254/16|*.169.254/16"/>
    <property name="java.runtime.version" value="11.0.1+13-LTS"/>
    <property name="user.name" value="shashwatsanghavi"/>
    <property name="path.separator" value=":"/>
    <property name="os.version" value="10.14.1"/>
    <property name="java.runtime.name" value="Java(TM) SE Runtime Environment"/>
    <property name="file.encoding" value="UTF-8"/>
    <property name="java.vm.name" value="Java HotSpot(TM) 64-Bit Server VM"/>
    <property name="java.vendor.version" value="18.9"/>
    <property name="localRepository" value="/Users/shashwatsanghavi/.m2/repository"/>
    <property name="java.vendor.url.bug" value="http://bugreport.java.com/bugreport/"/>
    <property name="java.io.tmpdir" value="/var/folders/r5/g6wh5fm917q8xb_lyhp__3d40000gn/T/"/>
    <property name="java.version" value="11.0.1"/>
    <property name="user.dir" value="/Users/shashwatsanghavi/Documents/MSD/git1/Student-246-SP19/homework_5/iteratorpattern"/>
    <property name="os.arch" value="x86_64"/>
    <property name="java.vm.specification.name" value="Java Virtual Machine Specification"/>
    <property name="java.awt.printerjob" value="sun.lwawt.macosx.CPrinterJob"/>
    <property name="sun.os.patch.level" value="unknown"/>
    <property name="java.library.path" value="/Users/shashwatsanghavi/Library/Java/Extensions:/Library/Java/Extensions:/Network/Library/Java/Extensions:/System/Library/Java/Extensions:/usr/lib/java:."/>
    <property name="java.vendor" value="Oracle Corporation"/>
    <property name="java.vm.info" value="mixed mode"/>
    <property name="java.vm.version" value="11.0.1+13-LTS"/>
    <property name="sun.io.unicode.encoding" value="UnicodeBig"/>
    <property name="java.class.version" value="55.0"/>
    <property name="socksNonProxyHosts" value="local|*.local|169.254/16|*.169.254/16"/>
  </properties>
  <testcase name="checkSizeForsmallAndLargeNumbersBitVector" classname="sanghavis.AppTest" time="0.028"/>
  <testcase name="shouldClearAnUnsetBit" classname="sanghavis.AppTest" time="0"/>
  <testcase name="bitVectorShouldAllowLargerNumbers" classname="sanghavis.AppTest" time="0.002"/>
  <testcase name="checkIterator" classname="sanghavis.AppTest" time="0.001"/>
  <testcase name="copyLargerBitVectorToSmall" classname="sanghavis.AppTest" time="0"/>
  <testcase name="shouldGetSetBit" classname="sanghavis.AppTest" time="0"/>
  <testcase name="shouldCreateAnEmptyBitVector" classname="sanghavis.AppTest" time="0"/>
  <testcase name="bitVectorShouldHoldNumbers" classname="sanghavis.AppTest" time="0"/>
  <testcase name="shouldGetLargeSetBit" classname="sanghavis.AppTest" time="0.09"/>
  <testcase name="checkSizeForsmallNumbersBitVector" classname="sanghavis.AppTest" time="0"/>
  <testcase name="shouldGetUnSetBit" classname="sanghavis.AppTest" time="0"/>
  <testcase name="checkSizeForEmptyBitVector" classname="sanghavis.AppTest" time="0"/>
  <testcase name="copySmallerBitVectorToLarge" classname="sanghavis.AppTest" time="0"/>
  <testcase name="shouldClearALargeUnsetBit" classname="sanghavis.AppTest" time="0"/>
  <testcase name="shouldGetUnsetBitLargeNumber" classname="sanghavis.AppTest" time="0"/>
  <testcase name="shouldClearABit" classname="sanghavis.AppTest" time="0"/>
  <testcase name="shouldGetUnsetBitVeryLargeNumber" classname="sanghavis.AppTest" time="0"/>
</testsuite>